<?xml version="1.0" encoding="UTF-8"?>
<testng-results skipped="0" failed="0" total="1" passed="1">
  <reporter-output>
  </reporter-output>
  <suite name="Default suite" duration-ms="28968" started-at="2016-06-24T11:58:10Z" finished-at="2016-06-24T11:58:39Z">
    <groups>
    </groups>
    <test name="Default test" duration-ms="28968" started-at="2016-06-24T11:58:10Z" finished-at="2016-06-24T11:58:39Z">
      <class name="NewTest">
        <test-method status="PASS" signature="before_test()[pri:0, instance:NewTest@48eff760]" name="before_test" is-config="true" duration-ms="28952" started-at="2016-06-24T17:28:10Z" finished-at="2016-06-24T17:28:39Z">
          <reporter-output>
          </reporter-output>
        </test-method> <!-- before_test -->
        <test-method status="PASS" signature="f()[pri:0, instance:NewTest@48eff760]" name="f" duration-ms="7" started-at="2016-06-24T17:28:39Z" finished-at="2016-06-24T17:28:39Z">
          <reporter-output>
          </reporter-output>
        </test-method> <!-- f -->
      </class> <!-- NewTest -->
    </test> <!-- Default test -->
  </suite> <!-- Default suite -->
</testng-results>
